D:\CATER\OF_V0.8.1_VS_RELEASE\ADDONS\OFXCHEATCODESTRIGGER\EXAMPLE\OBJ\DEBUG\MAIN.OBJ
D:\CATER\OF_V0.8.1_VS_RELEASE\ADDONS\OFXCHEATCODESTRIGGER\EXAMPLE\OBJ\DEBUG\OFAPP.OBJ
D:\CATER\OF_V0.8.1_VS_RELEASE\ADDONS\OFXCHEATCODESTRIGGER\EXAMPLE\OBJ\DEBUG\OFXCHEATCODESTRIGGER.OBJ
D:\CATER\OF_V0.8.1_VS_RELEASE\ADDONS\OFXCHEATCODESTRIGGER\EXAMPLE\OBJ\DEBUG\VC110.PDB
D:\Cater\of_v0.8.1_vs_release\addons\ofxCheatCodesTrigger\example\bin\example_debug.lib
D:\Cater\of_v0.8.1_vs_release\addons\ofxCheatCodesTrigger\example\bin\example_debug.exp
D:\CATER\OF_V0.8.1_VS_RELEASE\ADDONS\OFXCHEATCODESTRIGGER\EXAMPLE\BIN\EXAMPLE_DEBUG.ILK
D:\CATER\OF_V0.8.1_VS_RELEASE\ADDONS\OFXCHEATCODESTRIGGER\EXAMPLE\BIN\EXAMPLE_DEBUG.EXE
D:\CATER\OF_V0.8.1_VS_RELEASE\ADDONS\OFXCHEATCODESTRIGGER\EXAMPLE\BIN\EXAMPLE_DEBUG.PDB
D:\CATER\OF_V0.8.1_VS_RELEASE\ADDONS\OFXCHEATCODESTRIGGER\EXAMPLE\OBJ\DEBUG\ICON.RES
D:\Cater\of_v0.8.1_vs_release\addons\ofxCheatCodesTrigger\example\obj\Debug\example.vcxprojResolveAssemblyReference.cache
D:\Cater\of_v0.8.1_vs_release\addons\ofxCheatCodesTrigger\example\obj\Debug\main.obj
D:\Cater\of_v0.8.1_vs_release\addons\ofxCheatCodesTrigger\example\obj\Debug\ofApp.obj
D:\Cater\of_v0.8.1_vs_release\addons\ofxCheatCodesTrigger\example\obj\Debug\ofxCheatCodesTrigger.obj
D:\Cater\of_v0.8.1_vs_release\addons\ofxCheatCodesTrigger\example\obj\Debug\cl.command.1.tlog
D:\Cater\of_v0.8.1_vs_release\addons\ofxCheatCodesTrigger\example\obj\Debug\CL.read.1.tlog
D:\Cater\of_v0.8.1_vs_release\addons\ofxCheatCodesTrigger\example\obj\Debug\CL.write.1.tlog
D:\Cater\of_v0.8.1_vs_release\addons\ofxCheatCodesTrigger\example\obj\Debug\example.write.1.tlog
D:\Cater\of_v0.8.1_vs_release\addons\ofxCheatCodesTrigger\example\obj\Debug\link-cvtres.read.1.tlog
D:\Cater\of_v0.8.1_vs_release\addons\ofxCheatCodesTrigger\example\obj\Debug\link-cvtres.write.1.tlog
D:\Cater\of_v0.8.1_vs_release\addons\ofxCheatCodesTrigger\example\obj\Debug\link-rc.read.1.tlog
D:\Cater\of_v0.8.1_vs_release\addons\ofxCheatCodesTrigger\example\obj\Debug\link-rc.write.1.tlog
D:\Cater\of_v0.8.1_vs_release\addons\ofxCheatCodesTrigger\example\obj\Debug\link.1348-cvtres.read.1.tlog
D:\Cater\of_v0.8.1_vs_release\addons\ofxCheatCodesTrigger\example\obj\Debug\link.1348-cvtres.write.1.tlog
D:\Cater\of_v0.8.1_vs_release\addons\ofxCheatCodesTrigger\example\obj\Debug\link.1348-rc.read.1.tlog
D:\Cater\of_v0.8.1_vs_release\addons\ofxCheatCodesTrigger\example\obj\Debug\link.1348-rc.write.1.tlog
D:\Cater\of_v0.8.1_vs_release\addons\ofxCheatCodesTrigger\example\obj\Debug\link.1348.read.1.tlog
D:\Cater\of_v0.8.1_vs_release\addons\ofxCheatCodesTrigger\example\obj\Debug\link.1348.write.1.tlog
D:\Cater\of_v0.8.1_vs_release\addons\ofxCheatCodesTrigger\example\obj\Debug\link.4696-cvtres.read.1.tlog
D:\Cater\of_v0.8.1_vs_release\addons\ofxCheatCodesTrigger\example\obj\Debug\link.4696-cvtres.write.1.tlog
D:\Cater\of_v0.8.1_vs_release\addons\ofxCheatCodesTrigger\example\obj\Debug\link.4696-rc.read.1.tlog
D:\Cater\of_v0.8.1_vs_release\addons\ofxCheatCodesTrigger\example\obj\Debug\link.4696-rc.write.1.tlog
D:\Cater\of_v0.8.1_vs_release\addons\ofxCheatCodesTrigger\example\obj\Debug\link.4696.read.1.tlog
D:\Cater\of_v0.8.1_vs_release\addons\ofxCheatCodesTrigger\example\obj\Debug\link.4696.write.1.tlog
D:\Cater\of_v0.8.1_vs_release\addons\ofxCheatCodesTrigger\example\obj\Debug\link.5496-cvtres.read.1.tlog
D:\Cater\of_v0.8.1_vs_release\addons\ofxCheatCodesTrigger\example\obj\Debug\link.5496-cvtres.write.1.tlog
D:\Cater\of_v0.8.1_vs_release\addons\ofxCheatCodesTrigger\example\obj\Debug\link.5496-rc.read.1.tlog
D:\Cater\of_v0.8.1_vs_release\addons\ofxCheatCodesTrigger\example\obj\Debug\link.5496-rc.write.1.tlog
D:\Cater\of_v0.8.1_vs_release\addons\ofxCheatCodesTrigger\example\obj\Debug\link.5496.read.1.tlog
D:\Cater\of_v0.8.1_vs_release\addons\ofxCheatCodesTrigger\example\obj\Debug\link.5496.write.1.tlog
D:\Cater\of_v0.8.1_vs_release\addons\ofxCheatCodesTrigger\example\obj\Debug\link.5960-cvtres.read.1.tlog
D:\Cater\of_v0.8.1_vs_release\addons\ofxCheatCodesTrigger\example\obj\Debug\link.5960-cvtres.write.1.tlog
D:\Cater\of_v0.8.1_vs_release\addons\ofxCheatCodesTrigger\example\obj\Debug\link.5960-rc.read.1.tlog
D:\Cater\of_v0.8.1_vs_release\addons\ofxCheatCodesTrigger\example\obj\Debug\link.5960-rc.write.1.tlog
D:\Cater\of_v0.8.1_vs_release\addons\ofxCheatCodesTrigger\example\obj\Debug\link.5960.read.1.tlog
D:\Cater\of_v0.8.1_vs_release\addons\ofxCheatCodesTrigger\example\obj\Debug\link.5960.write.1.tlog
D:\Cater\of_v0.8.1_vs_release\addons\ofxCheatCodesTrigger\example\obj\Debug\link.command.1.tlog
D:\Cater\of_v0.8.1_vs_release\addons\ofxCheatCodesTrigger\example\obj\Debug\link.read.1.tlog
D:\Cater\of_v0.8.1_vs_release\addons\ofxCheatCodesTrigger\example\obj\Debug\link.write.1.tlog
D:\Cater\of_v0.8.1_vs_release\addons\ofxCheatCodesTrigger\example\obj\Debug\rc.command.1.tlog
D:\Cater\of_v0.8.1_vs_release\addons\ofxCheatCodesTrigger\example\obj\Debug\rc.read.1.tlog
D:\Cater\of_v0.8.1_vs_release\addons\ofxCheatCodesTrigger\example\obj\Debug\rc.write.1.tlog
D:\Cater\of_v0.8.1_vs_release\addons\ofxCheatCodesTrigger\example\obj\Debug\icon.res
D:\Cater\of_v0.8.1_vs_release\addons\ofxCheatCodesTrigger\example\obj\Debug\vc110.idb
D:\Cater\of_v0.8.1_vs_release\addons\ofxCheatCodesTrigger\example\obj\Debug\vc110.pdb
D:\Cater\of_v0.8.1_vs_release\addons\ofxCheatCodesTrigger\example\bin\example_debug.exe
